This is pdfTeX, Version 3.14159265-2.6-1.40.19 (MiKTeX 2.9.6930 64-bit) (preloaded format=pdflatex 2019.2.13)  17 MAY 2019 11:56
entering extended mode
**./Dissertation.tex
(Dissertation.tex
LaTeX2e <2018-12-01>
("C:\Users\Joe\AppData\Local\Programs\MiKTeX 2.9\tex/latex/base\report.cls"
Document Class: report 2018/09/03 v1.4i Standard LaTeX document class
("C:\Users\Joe\AppData\Local\Programs\MiKTeX 2.9\tex/latex/base\size12.clo"
File: size12.clo 2018/09/03 v1.4i Standard LaTeX file (size option)
)
\c@part=\count80
\c@chapter=\count81
\c@section=\count82
\c@subsection=\count83
\c@subsubsection=\count84
\c@paragraph=\count85
\c@subparagraph=\count86
\c@figure=\count87
\c@table=\count88
\abovecaptionskip=\skip41
\belowcaptionskip=\skip42
\bibindent=\dimen102
)
("C:\Users\Joe\AppData\Local\Programs\MiKTeX 2.9\tex/latex/hyperref\hyperref.st
y"
Package: hyperref 2018/11/30 v6.88e Hypertext links for LaTeX

("C:\Users\Joe\AppData\Local\Programs\MiKTeX 2.9\tex/generic/oberdiek\hobsub-hy
perref.sty"
Package: hobsub-hyperref 2016/05/16 v1.14 Bundle oberdiek, subset hyperref (HO)


("C:\Users\Joe\AppData\Local\Programs\MiKTeX 2.9\tex/generic/oberdiek\hobsub-ge
neric.sty"
Package: hobsub-generic 2016/05/16 v1.14 Bundle oberdiek, subset generic (HO)
Package: hobsub 2016/05/16 v1.14 Construct package bundles (HO)
Package: infwarerr 2016/05/16 v1.4 Providing info/warning/error messages (HO)
Package: ltxcmds 2016/05/16 v1.23 LaTeX kernel commands for general use (HO)
Package: ifluatex 2016/05/16 v1.4 Provides the ifluatex switch (HO)
Package ifluatex Info: LuaTeX not detected.
Package: ifvtex 2016/05/16 v1.6 Detect VTeX and its facilities (HO)
Package ifvtex Info: VTeX not detected.
Package: intcalc 2016/05/16 v1.2 Expandable calculations with integers (HO)
Package: ifpdf 2018/09/07 v3.3 Provides the ifpdf switch
Package: etexcmds 2016/05/16 v1.6 Avoid name clashes with e-TeX commands (HO)
Package: kvsetkeys 2016/05/16 v1.17 Key value parser (HO)
Package: kvdefinekeys 2016/05/16 v1.4 Define keys (HO)
Package: pdftexcmds 2018/09/10 v0.29 Utility functions of pdfTeX for LuaTeX (HO
)
Package pdftexcmds Info: LuaTeX not detected.
Package pdftexcmds Info: \pdf@primitive is available.
Package pdftexcmds Info: \pdf@ifprimitive is available.
Package pdftexcmds Info: \pdfdraftmode found.
Package: pdfescape 2016/05/16 v1.14 Implements pdfTeX's escape features (HO)
Package: bigintcalc 2016/05/16 v1.4 Expandable calculations on big integers (HO
)
Package: bitset 2016/05/16 v1.2 Handle bit-vector datatype (HO)
Package: uniquecounter 2016/05/16 v1.3 Provide unlimited unique counter (HO)
)
Package hobsub Info: Skipping package `hobsub' (already loaded).
Package: letltxmacro 2016/05/16 v1.5 Let assignment for LaTeX macros (HO)
Package: hopatch 2016/05/16 v1.3 Wrapper for package hooks (HO)
Package: xcolor-patch 2016/05/16 xcolor patch
Package: atveryend 2016/05/16 v1.9 Hooks at the very end of document (HO)
Package atveryend Info: \enddocument detected (standard20110627).
Package: atbegshi 2016/06/09 v1.18 At begin shipout hook (HO)
Package: refcount 2016/05/16 v3.5 Data extraction from label references (HO)
Package: hycolor 2016/05/16 v1.8 Color options for hyperref/bookmark (HO)
)
("C:\Users\Joe\AppData\Local\Programs\MiKTeX 2.9\tex/latex/graphics\keyval.sty"
Package: keyval 2014/10/28 v1.15 key=value parser (DPC)
\KV@toks@=\toks14
)
("C:\Users\Joe\AppData\Local\Programs\MiKTeX 2.9\tex/generic/ifxetex\ifxetex.st
y"
Package: ifxetex 2010/09/12 v0.6 Provides ifxetex conditional
)
("C:\Users\Joe\AppData\Local\Programs\MiKTeX 2.9\tex/latex/oberdiek\auxhook.sty
"
Package: auxhook 2016/05/16 v1.4 Hooks for auxiliary files (HO)
)
("C:\Users\Joe\AppData\Local\Programs\MiKTeX 2.9\tex/latex/oberdiek\kvoptions.s
ty"
Package: kvoptions 2016/05/16 v3.12 Key value format for package options (HO)
)
\@linkdim=\dimen103
\Hy@linkcounter=\count89
\Hy@pagecounter=\count90

("C:\Users\Joe\AppData\Local\Programs\MiKTeX 2.9\tex/latex/hyperref\pd1enc.def"
File: pd1enc.def 2018/11/30 v6.88e Hyperref: PDFDocEncoding definition (HO)
Now handling font encoding PD1 ...
... no UTF-8 mapping file for font encoding PD1
)
\Hy@SavedSpaceFactor=\count91

("C:\Users\Joe\AppData\Local\Programs\MiKTeX 2.9\tex/latex/00miktex\hyperref.cf
g"
File: hyperref.cfg 2002/06/06 v1.2 hyperref configuration of TeXLive
)
Package hyperref Info: Hyper figures OFF on input line 4519.
Package hyperref Info: Link nesting OFF on input line 4524.
Package hyperref Info: Hyper index ON on input line 4527.
Package hyperref Info: Plain pages OFF on input line 4534.
Package hyperref Info: Backreferencing OFF on input line 4539.
Package hyperref Info: Implicit mode ON; LaTeX internals redefined.
Package hyperref Info: Bookmarks ON on input line 4772.
\c@Hy@tempcnt=\count92
 ("C:\Users\Joe\AppData\Local\Programs\MiKTeX 2.9\tex/latex/url\url.sty"
\Urlmuskip=\muskip10
Package: url 2013/09/16  ver 3.4  Verb mode for urls, etc.
)
LaTeX Info: Redefining \url on input line 5125.
\XeTeXLinkMargin=\dimen104
\Fld@menulength=\count93
\Field@Width=\dimen105
\Fld@charsize=\dimen106
Package hyperref Info: Hyper figures OFF on input line 6380.
Package hyperref Info: Link nesting OFF on input line 6385.
Package hyperref Info: Hyper index ON on input line 6388.
Package hyperref Info: backreferencing OFF on input line 6395.
Package hyperref Info: Link coloring OFF on input line 6400.
Package hyperref Info: Link coloring with OCG OFF on input line 6405.
Package hyperref Info: PDF/A mode OFF on input line 6410.
LaTeX Info: Redefining \ref on input line 6450.
LaTeX Info: Redefining \pageref on input line 6454.
\Hy@abspage=\count94
\c@Item=\count95
\c@Hfootnote=\count96
)
Package hyperref Info: Driver (autodetected): hpdftex.

("C:\Users\Joe\AppData\Local\Programs\MiKTeX 2.9\tex/latex/hyperref\hpdftex.def
"
File: hpdftex.def 2018/11/30 v6.88e Hyperref driver for pdfTeX
\Fld@listcount=\count97
\c@bookmark@seq@number=\count98

("C:\Users\Joe\AppData\Local\Programs\MiKTeX 2.9\tex/latex/oberdiek\rerunfilech
eck.sty"
Package: rerunfilecheck 2016/05/16 v1.8 Rerun checks for auxiliary files (HO)
Package uniquecounter Info: New unique counter `rerunfilecheck' on input line 2
82.
)
\Hy@SectionHShift=\skip43
)
("C:\Users\Joe\AppData\Local\Programs\MiKTeX 2.9\tex/latex/geometry\geometry.st
y"
Package: geometry 2018/04/16 v5.8 Page Geometry
\Gm@cnth=\count99
\Gm@cntv=\count100
\c@Gm@tempcnt=\count101
\Gm@bindingoffset=\dimen107
\Gm@wd@mp=\dimen108
\Gm@odd@mp=\dimen109
\Gm@even@mp=\dimen110
\Gm@layoutwidth=\dimen111
\Gm@layoutheight=\dimen112
\Gm@layouthoffset=\dimen113
\Gm@layoutvoffset=\dimen114
\Gm@dimlist=\toks15

("C:\Users\Joe\AppData\Local\Programs\MiKTeX 2.9\tex/latex/geometry\geometry.cf
g"))
("C:\Users\Joe\AppData\Local\Programs\MiKTeX 2.9\tex/latex/docmute\docmute.sty"
Package: docmute 2012/03/22 v1.4 Input stand-alone documents
) ("C:\Users\Joe\AppData\Local\Programs\MiKTeX 2.9\tex/latex/was\gensymb.sty"
Package: gensymb 2003/07/02 v1.0 (WaS)
)
("C:\Users\Joe\AppData\Local\Programs\MiKTeX 2.9\tex/latex/imakeidx\imakeidx.st
y"
Package: imakeidx 2016/10/15 v1.3e Package for typesetting indices in a synchro
nous mode

("C:\Users\Joe\AppData\Local\Programs\MiKTeX 2.9\tex/latex/xkeyval\xkeyval.sty"
Package: xkeyval 2014/12/03 v2.7a package option processing (HA)

("C:\Users\Joe\AppData\Local\Programs\MiKTeX 2.9\tex/generic/xkeyval\xkeyval.te
x"
("C:\Users\Joe\AppData\Local\Programs\MiKTeX 2.9\tex/generic/xkeyval\xkvutils.t
ex"
\XKV@toks=\toks16
\XKV@tempa@toks=\toks17
)
\XKV@depth=\count102
File: xkeyval.tex 2014/12/03 v2.7a key=value parser (HA)
))
("C:\Users\Joe\AppData\Local\Programs\MiKTeX 2.9\tex/latex/tools\multicol.sty"
Package: multicol 2018/11/09 v1.8u multicolumn formatting (FMi)
\c@tracingmulticols=\count103
\mult@box=\box27
\multicol@leftmargin=\dimen115
\c@unbalance=\count104
\c@collectmore=\count105
\doublecol@number=\count106
\multicoltolerance=\count107
\multicolpretolerance=\count108
\full@width=\dimen116
\page@free=\dimen117
\premulticols=\dimen118
\postmulticols=\dimen119
\multicolsep=\skip44
\multicolbaselineskip=\skip45
\partial@page=\box28
\last@line=\box29
\maxbalancingoverflow=\dimen120
\mult@rightbox=\box30
\mult@grightbox=\box31
\mult@gfirstbox=\box32
\mult@firstbox=\box33
\@tempa=\box34
\@tempa=\box35
\@tempa=\box36
\@tempa=\box37
\@tempa=\box38
\@tempa=\box39
\@tempa=\box40
\@tempa=\box41
\@tempa=\box42
\@tempa=\box43
\@tempa=\box44
\@tempa=\box45
\@tempa=\box46
\@tempa=\box47
\@tempa=\box48
\@tempa=\box49
\@tempa=\box50
\c@columnbadness=\count109
\c@finalcolumnbadness=\count110
\last@try=\dimen121
\multicolovershoot=\dimen122
\multicolundershoot=\dimen123
\mult@nat@firstbox=\box51
\colbreak@box=\box52
\mc@col@check@num=\count111
)) ("C:\Users\Joe\AppData\Local\Programs\MiKTeX 2.9\tex/latex/amsmath\amsmath.s
ty"
Package: amsmath 2018/12/01 v2.17b AMS math features
\@mathmargin=\skip46

For additional information on amsmath, use the `?' option.
("C:\Users\Joe\AppData\Local\Programs\MiKTeX 2.9\tex/latex/amsmath\amstext.sty"
Package: amstext 2000/06/29 v2.01 AMS text
("C:\Users\Joe\AppData\Local\Programs\MiKTeX 2.9\tex/latex/amsmath\amsgen.sty"
File: amsgen.sty 1999/11/30 v2.0 generic functions
\@emptytoks=\toks18
\ex@=\dimen124
)) ("C:\Users\Joe\AppData\Local\Programs\MiKTeX 2.9\tex/latex/amsmath\amsbsy.st
y"
Package: amsbsy 1999/11/29 v1.2d Bold Symbols
\pmbraise@=\dimen125
) ("C:\Users\Joe\AppData\Local\Programs\MiKTeX 2.9\tex/latex/amsmath\amsopn.sty
"
Package: amsopn 2016/03/08 v2.02 operator names
)
\inf@bad=\count112
LaTeX Info: Redefining \frac on input line 223.
\uproot@=\count113
\leftroot@=\count114
LaTeX Info: Redefining \overline on input line 385.
\classnum@=\count115
\DOTSCASE@=\count116
LaTeX Info: Redefining \ldots on input line 482.
LaTeX Info: Redefining \dots on input line 485.
LaTeX Info: Redefining \cdots on input line 606.
\Mathstrutbox@=\box53
\strutbox@=\box54
\big@size=\dimen126
LaTeX Font Info:    Redeclaring font encoding OML on input line 729.
LaTeX Font Info:    Redeclaring font encoding OMS on input line 730.
\macc@depth=\count117
\c@MaxMatrixCols=\count118
\dotsspace@=\muskip11
\c@parentequation=\count119
\dspbrk@lvl=\count120
\tag@help=\toks19
\row@=\count121
\column@=\count122
\maxfields@=\count123
\andhelp@=\toks20
\eqnshift@=\dimen127
\alignsep@=\dimen128
\tagshift@=\dimen129
\tagwidth@=\dimen130
\totwidth@=\dimen131
\lineht@=\dimen132
\@envbody=\toks21
\multlinegap=\skip47
\multlinetaggap=\skip48
\mathdisplay@stack=\toks22
LaTeX Info: Redefining \[ on input line 2844.
LaTeX Info: Redefining \] on input line 2845.
)
("C:\Users\Joe\AppData\Local\Programs\MiKTeX 2.9\tex/latex/listings\listings.st
y"
\lst@mode=\count124
\lst@gtempboxa=\box55
\lst@token=\toks23
\lst@length=\count125
\lst@currlwidth=\dimen133
\lst@column=\count126
\lst@pos=\count127
\lst@lostspace=\dimen134
\lst@width=\dimen135
\lst@newlines=\count128
\lst@lineno=\count129
\lst@maxwidth=\dimen136

("C:\Users\Joe\AppData\Local\Programs\MiKTeX 2.9\tex/latex/listings\lstmisc.sty
"
File: lstmisc.sty 2018/09/02 1.7 (Carsten Heinz)
\c@lstnumber=\count130
\lst@skipnumbers=\count131
\lst@framebox=\box56
)
("C:\Users\Joe\AppData\Local\Programs\MiKTeX 2.9\tex/latex/listings\listings.cf
g"
File: listings.cfg 2018/09/02 1.7 listings configuration
))
Package: listings 2018/09/02 1.7 (Carsten Heinz)

("C:\Users\Joe\AppData\Local\Programs\MiKTeX 2.9\tex/latex/graphics\graphicx.st
y"
Package: graphicx 2017/06/01 v1.1a Enhanced LaTeX Graphics (DPC,SPQR)

("C:\Users\Joe\AppData\Local\Programs\MiKTeX 2.9\tex/latex/graphics\graphics.st
y"
Package: graphics 2017/06/25 v1.2c Standard LaTeX Graphics (DPC,SPQR)
 ("C:\Users\Joe\AppData\Local\Programs\MiKTeX 2.9\tex/latex/graphics\trig.sty"
Package: trig 2016/01/03 v1.10 sin cos tan (DPC)
)
("C:\Users\Joe\AppData\Local\Programs\MiKTeX 2.9\tex/latex/graphics-cfg\graphic
s.cfg"
File: graphics.cfg 2016/06/04 v1.11 sample graphics configuration
)
Package graphics Info: Driver file: pdftex.def on input line 99.

("C:\Users\Joe\AppData\Local\Programs\MiKTeX 2.9\tex/latex/graphics-def\pdftex.
def"
File: pdftex.def 2018/01/08 v1.0l Graphics/color driver for pdftex
))
\Gin@req@height=\dimen137
\Gin@req@width=\dimen138
)
("C:\Users\Joe\AppData\Local\Programs\MiKTeX 2.9\tex/latex/sidecap\sidecap.sty"
Package: sidecap 2003/06/06 v1.6f SideCap Package (RN/HjG)
("C:\Users\Joe\AppData\Local\Programs\MiKTeX 2.9\tex/latex/base\ifthen.sty"
Package: ifthen 2014/09/29 v1.1c Standard LaTeX ifthen package (DPC)
)
\SC@BOXWD=\dimen139
\SC@CAPWD=\dimen140
\SC@tempdima=\dimen141
\SC@tempdimb=\dimen142
\c@SC@C=\count132
\SC@BOX=\box57
)
("C:\Users\Joe\AppData\Local\Programs\MiKTeX 2.9\tex/latex/pgfplots\pgfplots.st
y"
("C:\Users\Joe\AppData\Local\Programs\MiKTeX 2.9\tex/generic/pgfplots\pgfplots.
revision.tex")
Package: pgfplots 2018/03/28 v1.16 Data Visualization (1.16)

("C:\Users\Joe\AppData\Local\Programs\MiKTeX 2.9\tex/latex/pgf/frontendlayer\ti
kz.sty"
("C:\Users\Joe\AppData\Local\Programs\MiKTeX 2.9\tex/latex/pgf/basiclayer\pgf.s
ty"
("C:\Users\Joe\AppData\Local\Programs\MiKTeX 2.9\tex/latex/pgf/utilities\pgfrcs
.sty"
("C:\Users\Joe\AppData\Local\Programs\MiKTeX 2.9\tex/generic/pgf/utilities\pgfu
til-common.tex"
\pgfutil@everybye=\toks24
\pgfutil@tempdima=\dimen143
\pgfutil@tempdimb=\dimen144

("C:\Users\Joe\AppData\Local\Programs\MiKTeX 2.9\tex/generic/pgf/utilities\pgfu
til-common-lists.tex"))
("C:\Users\Joe\AppData\Local\Programs\MiKTeX 2.9\tex/generic/pgf/utilities\pgfu
til-latex.def"
\pgfutil@abb=\box58

("C:\Users\Joe\AppData\Local\Programs\MiKTeX 2.9\tex/latex/ms\everyshi.sty"
Package: everyshi 2001/05/15 v3.00 EveryShipout Package (MS)
))
("C:\Users\Joe\AppData\Local\Programs\MiKTeX 2.9\tex/generic/pgf/utilities\pgfr
cs.code.tex"
("C:\Users\Joe\AppData\Local\Programs\MiKTeX 2.9\tex/generic/pgf\pgf.revision.t
ex")
Package: pgfrcs 2019/02/02 v3.1.1 (3.1.1)
))
Package: pgf 2019/02/02 v3.1.1 (3.1.1)

("C:\Users\Joe\AppData\Local\Programs\MiKTeX 2.9\tex/latex/pgf/basiclayer\pgfco
re.sty"
("C:\Users\Joe\AppData\Local\Programs\MiKTeX 2.9\tex/latex/pgf/systemlayer\pgfs
ys.sty"
("C:\Users\Joe\AppData\Local\Programs\MiKTeX 2.9\tex/generic/pgf/systemlayer\pg
fsys.code.tex"
Package: pgfsys 2019/02/02 v3.1.1 (3.1.1)

("C:\Users\Joe\AppData\Local\Programs\MiKTeX 2.9\tex/generic/pgf/utilities\pgfk
eys.code.tex"
\pgfkeys@pathtoks=\toks25
\pgfkeys@temptoks=\toks26

("C:\Users\Joe\AppData\Local\Programs\MiKTeX 2.9\tex/generic/pgf/utilities\pgfk
eysfiltered.code.tex"
\pgfkeys@tmptoks=\toks27
))
\pgf@x=\dimen145
\pgf@y=\dimen146
\pgf@xa=\dimen147
\pgf@ya=\dimen148
\pgf@xb=\dimen149
\pgf@yb=\dimen150
\pgf@xc=\dimen151
\pgf@yc=\dimen152
\w@pgf@writea=\write3
\r@pgf@reada=\read1
\c@pgf@counta=\count133
\c@pgf@countb=\count134
\c@pgf@countc=\count135
\c@pgf@countd=\count136
\t@pgf@toka=\toks28
\t@pgf@tokb=\toks29
\t@pgf@tokc=\toks30
\pgf@sys@id@count=\count137

("C:\Users\Joe\AppData\Local\Programs\MiKTeX 2.9\tex/generic/pgf/systemlayer\pg
f.cfg"
File: pgf.cfg 2019/02/02 v3.1.1 (3.1.1)
)
Driver file for pgf: pgfsys-pdftex.def

("C:\Users\Joe\AppData\Local\Programs\MiKTeX 2.9\tex/generic/pgf/systemlayer\pg
fsys-pdftex.def"
File: pgfsys-pdftex.def 2019/02/02 v3.1.1 (3.1.1)

("C:\Users\Joe\AppData\Local\Programs\MiKTeX 2.9\tex/generic/pgf/systemlayer\pg
fsys-common-pdf.def"
File: pgfsys-common-pdf.def 2019/02/02 v3.1.1 (3.1.1)
)))
("C:\Users\Joe\AppData\Local\Programs\MiKTeX 2.9\tex/generic/pgf/systemlayer\pg
fsyssoftpath.code.tex"
File: pgfsyssoftpath.code.tex 2019/02/02 v3.1.1 (3.1.1)
\pgfsyssoftpath@smallbuffer@items=\count138
\pgfsyssoftpath@bigbuffer@items=\count139
)
("C:\Users\Joe\AppData\Local\Programs\MiKTeX 2.9\tex/generic/pgf/systemlayer\pg
fsysprotocol.code.tex"
File: pgfsysprotocol.code.tex 2019/02/02 v3.1.1 (3.1.1)
))
("C:\Users\Joe\AppData\Local\Programs\MiKTeX 2.9\tex/latex/xcolor\xcolor.sty"
Package: xcolor 2016/05/11 v2.12 LaTeX color extensions (UK)

("C:\Users\Joe\AppData\Local\Programs\MiKTeX 2.9\tex/latex/graphics-cfg\color.c
fg"
File: color.cfg 2016/01/02 v1.6 sample color configuration
)
Package xcolor Info: Driver file: pdftex.def on input line 225.
Package xcolor Info: Model `cmy' substituted by `cmy0' on input line 1348.
Package xcolor Info: Model `hsb' substituted by `rgb' on input line 1352.
Package xcolor Info: Model `RGB' extended on input line 1364.
Package xcolor Info: Model `HTML' substituted by `rgb' on input line 1366.
Package xcolor Info: Model `Hsb' substituted by `hsb' on input line 1367.
Package xcolor Info: Model `tHsb' substituted by `hsb' on input line 1368.
Package xcolor Info: Model `HSB' substituted by `hsb' on input line 1369.
Package xcolor Info: Model `Gray' substituted by `gray' on input line 1370.
Package xcolor Info: Model `wave' substituted by `hsb' on input line 1371.
)
("C:\Users\Joe\AppData\Local\Programs\MiKTeX 2.9\tex/generic/pgf/basiclayer\pgf
core.code.tex"
Package: pgfcore 2019/02/02 v3.1.1 (3.1.1)

("C:\Users\Joe\AppData\Local\Programs\MiKTeX 2.9\tex/generic/pgf/math\pgfmath.c
ode.tex"
("C:\Users\Joe\AppData\Local\Programs\MiKTeX 2.9\tex/generic/pgf/math\pgfmathca
lc.code.tex"
("C:\Users\Joe\AppData\Local\Programs\MiKTeX 2.9\tex/generic/pgf/math\pgfmathut
il.code.tex")
("C:\Users\Joe\AppData\Local\Programs\MiKTeX 2.9\tex/generic/pgf/math\pgfmathpa
rser.code.tex"
\pgfmath@dimen=\dimen153
\pgfmath@count=\count140
\pgfmath@box=\box59
\pgfmath@toks=\toks31
\pgfmath@stack@operand=\toks32
\pgfmath@stack@operation=\toks33
)
("C:\Users\Joe\AppData\Local\Programs\MiKTeX 2.9\tex/generic/pgf/math\pgfmathfu
nctions.code.tex"
("C:\Users\Joe\AppData\Local\Programs\MiKTeX 2.9\tex/generic/pgf/math\pgfmathfu
nctions.basic.code.tex")
("C:\Users\Joe\AppData\Local\Programs\MiKTeX 2.9\tex/generic/pgf/math\pgfmathfu
nctions.trigonometric.code.tex")
("C:\Users\Joe\AppData\Local\Programs\MiKTeX 2.9\tex/generic/pgf/math\pgfmathfu
nctions.random.code.tex")
("C:\Users\Joe\AppData\Local\Programs\MiKTeX 2.9\tex/generic/pgf/math\pgfmathfu
nctions.comparison.code.tex")
("C:\Users\Joe\AppData\Local\Programs\MiKTeX 2.9\tex/generic/pgf/math\pgfmathfu
nctions.base.code.tex")
("C:\Users\Joe\AppData\Local\Programs\MiKTeX 2.9\tex/generic/pgf/math\pgfmathfu
nctions.round.code.tex")
("C:\Users\Joe\AppData\Local\Programs\MiKTeX 2.9\tex/generic/pgf/math\pgfmathfu
nctions.misc.code.tex")
("C:\Users\Joe\AppData\Local\Programs\MiKTeX 2.9\tex/generic/pgf/math\pgfmathfu
nctions.integerarithmetics.code.tex")))
("C:\Users\Joe\AppData\Local\Programs\MiKTeX 2.9\tex/generic/pgf/math\pgfmathfl
oat.code.tex"
\c@pgfmathroundto@lastzeros=\count141
))
("C:\Users\Joe\AppData\Local\Programs\MiKTeX 2.9\tex/generic/pgf/basiclayer\pgf
corepoints.code.tex"
File: pgfcorepoints.code.tex 2019/02/02 v3.1.1 (3.1.1)
\pgf@picminx=\dimen154
\pgf@picmaxx=\dimen155
\pgf@picminy=\dimen156
\pgf@picmaxy=\dimen157
\pgf@pathminx=\dimen158
\pgf@pathmaxx=\dimen159
\pgf@pathminy=\dimen160
\pgf@pathmaxy=\dimen161
\pgf@xx=\dimen162
\pgf@xy=\dimen163
\pgf@yx=\dimen164
\pgf@yy=\dimen165
\pgf@zx=\dimen166
\pgf@zy=\dimen167
)
("C:\Users\Joe\AppData\Local\Programs\MiKTeX 2.9\tex/generic/pgf/basiclayer\pgf
corepathconstruct.code.tex"
File: pgfcorepathconstruct.code.tex 2019/02/02 v3.1.1 (3.1.1)
\pgf@path@lastx=\dimen168
\pgf@path@lasty=\dimen169
)
("C:\Users\Joe\AppData\Local\Programs\MiKTeX 2.9\tex/generic/pgf/basiclayer\pgf
corepathusage.code.tex"
File: pgfcorepathusage.code.tex 2019/02/02 v3.1.1 (3.1.1)
\pgf@shorten@end@additional=\dimen170
\pgf@shorten@start@additional=\dimen171
)
("C:\Users\Joe\AppData\Local\Programs\MiKTeX 2.9\tex/generic/pgf/basiclayer\pgf
corescopes.code.tex"
File: pgfcorescopes.code.tex 2019/02/02 v3.1.1 (3.1.1)
\pgfpic=\box60
\pgf@hbox=\box61
\pgf@layerbox@main=\box62
\pgf@picture@serial@count=\count142
)
("C:\Users\Joe\AppData\Local\Programs\MiKTeX 2.9\tex/generic/pgf/basiclayer\pgf
coregraphicstate.code.tex"
File: pgfcoregraphicstate.code.tex 2019/02/02 v3.1.1 (3.1.1)
\pgflinewidth=\dimen172
)
("C:\Users\Joe\AppData\Local\Programs\MiKTeX 2.9\tex/generic/pgf/basiclayer\pgf
coretransformations.code.tex"
File: pgfcoretransformations.code.tex 2019/02/02 v3.1.1 (3.1.1)
\pgf@pt@x=\dimen173
\pgf@pt@y=\dimen174
\pgf@pt@temp=\dimen175
)
("C:\Users\Joe\AppData\Local\Programs\MiKTeX 2.9\tex/generic/pgf/basiclayer\pgf
corequick.code.tex"
File: pgfcorequick.code.tex 2019/02/02 v3.1.1 (3.1.1)
)
("C:\Users\Joe\AppData\Local\Programs\MiKTeX 2.9\tex/generic/pgf/basiclayer\pgf
coreobjects.code.tex"
File: pgfcoreobjects.code.tex 2019/02/02 v3.1.1 (3.1.1)
)
("C:\Users\Joe\AppData\Local\Programs\MiKTeX 2.9\tex/generic/pgf/basiclayer\pgf
corepathprocessing.code.tex"
File: pgfcorepathprocessing.code.tex 2019/02/02 v3.1.1 (3.1.1)
)
("C:\Users\Joe\AppData\Local\Programs\MiKTeX 2.9\tex/generic/pgf/basiclayer\pgf
corearrows.code.tex"
File: pgfcorearrows.code.tex 2019/02/02 v3.1.1 (3.1.1)
\pgfarrowsep=\dimen176
)
("C:\Users\Joe\AppData\Local\Programs\MiKTeX 2.9\tex/generic/pgf/basiclayer\pgf
coreshade.code.tex"
File: pgfcoreshade.code.tex 2019/02/02 v3.1.1 (3.1.1)
\pgf@max=\dimen177
\pgf@sys@shading@range@num=\count143
)
("C:\Users\Joe\AppData\Local\Programs\MiKTeX 2.9\tex/generic/pgf/basiclayer\pgf
coreimage.code.tex"
File: pgfcoreimage.code.tex 2019/02/02 v3.1.1 (3.1.1)

("C:\Users\Joe\AppData\Local\Programs\MiKTeX 2.9\tex/generic/pgf/basiclayer\pgf
coreexternal.code.tex"
File: pgfcoreexternal.code.tex 2019/02/02 v3.1.1 (3.1.1)
\pgfexternal@startupbox=\box63
))
("C:\Users\Joe\AppData\Local\Programs\MiKTeX 2.9\tex/generic/pgf/basiclayer\pgf
corelayers.code.tex"
File: pgfcorelayers.code.tex 2019/02/02 v3.1.1 (3.1.1)
)
("C:\Users\Joe\AppData\Local\Programs\MiKTeX 2.9\tex/generic/pgf/basiclayer\pgf
coretransparency.code.tex"
File: pgfcoretransparency.code.tex 2019/02/02 v3.1.1 (3.1.1)
)
("C:\Users\Joe\AppData\Local\Programs\MiKTeX 2.9\tex/generic/pgf/basiclayer\pgf
corepatterns.code.tex"
File: pgfcorepatterns.code.tex 2019/02/02 v3.1.1 (3.1.1)
)
("C:\Users\Joe\AppData\Local\Programs\MiKTeX 2.9\tex/generic/pgf/basiclayer\pgf
corerdf.code.tex"
File: pgfcorerdf.code.tex 2019/02/02 v3.1.1 (3.1.1)
)))
("C:\Users\Joe\AppData\Local\Programs\MiKTeX 2.9\tex/generic/pgf/modules\pgfmod
uleshapes.code.tex"
File: pgfmoduleshapes.code.tex 2019/02/02 v3.1.1 (3.1.1)
\pgfnodeparttextbox=\box64
)
("C:\Users\Joe\AppData\Local\Programs\MiKTeX 2.9\tex/generic/pgf/modules\pgfmod
uleplot.code.tex"
File: pgfmoduleplot.code.tex 2019/02/02 v3.1.1 (3.1.1)
)
("C:\Users\Joe\AppData\Local\Programs\MiKTeX 2.9\tex/latex/pgf/compatibility\pg
fcomp-version-0-65.sty"
Package: pgfcomp-version-0-65 2019/02/02 v3.1.1 (3.1.1)
\pgf@nodesepstart=\dimen178
\pgf@nodesepend=\dimen179
)
("C:\Users\Joe\AppData\Local\Programs\MiKTeX 2.9\tex/latex/pgf/compatibility\pg
fcomp-version-1-18.sty"
Package: pgfcomp-version-1-18 2019/02/02 v3.1.1 (3.1.1)
))
("C:\Users\Joe\AppData\Local\Programs\MiKTeX 2.9\tex/latex/pgf/utilities\pgffor
.sty"
("C:\Users\Joe\AppData\Local\Programs\MiKTeX 2.9\tex/latex/pgf/utilities\pgfkey
s.sty"
("C:\Users\Joe\AppData\Local\Programs\MiKTeX 2.9\tex/generic/pgf/utilities\pgfk
eys.code.tex"))
("C:\Users\Joe\AppData\Local\Programs\MiKTeX 2.9\tex/latex/pgf/math\pgfmath.sty
"
("C:\Users\Joe\AppData\Local\Programs\MiKTeX 2.9\tex/generic/pgf/math\pgfmath.c
ode.tex"))
("C:\Users\Joe\AppData\Local\Programs\MiKTeX 2.9\tex/generic/pgf/utilities\pgff
or.code.tex"
Package: pgffor 2019/02/02 v3.1.1 (3.1.1)

("C:\Users\Joe\AppData\Local\Programs\MiKTeX 2.9\tex/generic/pgf/math\pgfmath.c
ode.tex")
\pgffor@iter=\dimen180
\pgffor@skip=\dimen181
\pgffor@stack=\toks34
\pgffor@toks=\toks35
))
("C:\Users\Joe\AppData\Local\Programs\MiKTeX 2.9\tex/generic/pgf/frontendlayer/
tikz\tikz.code.tex"
Package: tikz 2019/02/02 v3.1.1 (3.1.1)

("C:\Users\Joe\AppData\Local\Programs\MiKTeX 2.9\tex/generic/pgf/libraries\pgfl
ibraryplothandlers.code.tex"
File: pgflibraryplothandlers.code.tex 2019/02/02 v3.1.1 (3.1.1)
\pgf@plot@mark@count=\count144
\pgfplotmarksize=\dimen182
)
\tikz@lastx=\dimen183
\tikz@lasty=\dimen184
\tikz@lastxsaved=\dimen185
\tikz@lastysaved=\dimen186
\tikzleveldistance=\dimen187
\tikzsiblingdistance=\dimen188
\tikz@figbox=\box65
\tikz@figbox@bg=\box66
\tikz@tempbox=\box67
\tikz@tempbox@bg=\box68
\tikztreelevel=\count145
\tikznumberofchildren=\count146
\tikznumberofcurrentchild=\count147
\tikz@fig@count=\count148

("C:\Users\Joe\AppData\Local\Programs\MiKTeX 2.9\tex/generic/pgf/modules\pgfmod
ulematrix.code.tex"
File: pgfmodulematrix.code.tex 2019/02/02 v3.1.1 (3.1.1)
\pgfmatrixcurrentrow=\count149
\pgfmatrixcurrentcolumn=\count150
\pgf@matrix@numberofcolumns=\count151
)
\tikz@expandcount=\count152

("C:\Users\Joe\AppData\Local\Programs\MiKTeX 2.9\tex/generic/pgf/frontendlayer/
tikz/libraries\tikzlibrarytopaths.code.tex"
File: tikzlibrarytopaths.code.tex 2019/02/02 v3.1.1 (3.1.1)
)))
("C:\Users\Joe\AppData\Local\Programs\MiKTeX 2.9\tex/generic/pgfplots\pgfplots.
code.tex"
("C:\Users\Joe\AppData\Local\Programs\MiKTeX 2.9\tex/generic/pgfplots\pgfplotsc
ore.code.tex"
\t@pgfplots@toka=\toks36
\t@pgfplots@tokb=\toks37
\t@pgfplots@tokc=\toks38
\pgfplots@tmpa=\dimen189
\c@pgfplots@coordindex=\count153
\c@pgfplots@scanlineindex=\count154

("C:\Users\Joe\AppData\Local\Programs\MiKTeX 2.9\tex/generic/pgfplots/sys\pgfpl
otssysgeneric.code.tex"))
("C:\Users\Joe\AppData\Local\Programs\MiKTeX 2.9\tex/generic/pgfplots/libs\pgfp
lotslibrary.code.tex")
("C:\Users\Joe\AppData\Local\Programs\MiKTeX 2.9\tex/generic/pgfplots/oldpgfcom
patib\pgfplotsoldpgfsupp_loader.code.tex"
("C:\Users\Joe\AppData\Local\Programs\MiKTeX 2.9\tex/generic/pgf/libraries\pgfl
ibraryfpu.code.tex")
Package pgfplots: loading complementary arithmetics for your pgf version...

("C:\Users\Joe\AppData\Local\Programs\MiKTeX 2.9\tex/generic/pgfplots/oldpgfcom
patib\pgfplotsoldpgfsupp_pgflibraryfpu.code.tex")
("C:\Users\Joe\AppData\Local\Programs\MiKTeX 2.9\tex/generic/pgfplots/oldpgfcom
patib\pgfplotsoldpgfsupp_pgfmathfloat.code.tex"
\c@pgfmathroundto@lastzeros=\count155
))
("C:\Users\Joe\AppData\Local\Programs\MiKTeX 2.9\tex/generic/pgfplots/util\pgfp
lotsutil.code.tex"
("C:\Users\Joe\AppData\Local\Programs\MiKTeX 2.9\tex/generic/pgfplots/liststruc
ture\pgfplotsliststructure.code.tex")
("C:\Users\Joe\AppData\Local\Programs\MiKTeX 2.9\tex/generic/pgfplots/liststruc
ture\pgfplotsliststructureext.code.tex")
("C:\Users\Joe\AppData\Local\Programs\MiKTeX 2.9\tex/generic/pgfplots/liststruc
ture\pgfplotsarray.code.tex"
\c@pgfplotsarray@tmp=\count156
)
("C:\Users\Joe\AppData\Local\Programs\MiKTeX 2.9\tex/generic/pgfplots/liststruc
ture\pgfplotsmatrix.code.tex")
("C:\Users\Joe\AppData\Local\Programs\MiKTeX 2.9\tex/generic/pgfplots/numtable\
pgfplotstableshared.code.tex"
\c@pgfplotstable@counta=\count157
\t@pgfplotstable@a=\toks39
)
("C:\Users\Joe\AppData\Local\Programs\MiKTeX 2.9\tex/generic/pgfplots/liststruc
ture\pgfplotsdeque.code.tex")
("C:\Users\Joe\AppData\Local\Programs\MiKTeX 2.9\tex/generic/pgfplots/util\pgfp
lotsbinary.code.tex"
("C:\Users\Joe\AppData\Local\Programs\MiKTeX 2.9\tex/generic/pgfplots/util\pgfp
lotsbinary.data.code.tex"))
("C:\Users\Joe\AppData\Local\Programs\MiKTeX 2.9\tex/generic/pgfplots/util\pgfp
lotsutil.verb.code.tex")
("C:\Users\Joe\AppData\Local\Programs\MiKTeX 2.9\tex/generic/pgfplots/libs\pgfl
ibrarypgfplots.surfshading.code.tex"
\c@pgfplotslibrarysurf@no=\count158

("C:\Users\Joe\AppData\Local\Programs\MiKTeX 2.9\tex/generic/pgfplots/sys\pgfli
brarypgfplots.surfshading.pgfsys-pdftex.def")))
("C:\Users\Joe\AppData\Local\Programs\MiKTeX 2.9\tex/generic/pgfplots/util\pgfp
lotscolormap.code.tex"
("C:\Users\Joe\AppData\Local\Programs\MiKTeX 2.9\tex/generic/pgfplots/util\pgfp
lotscolor.code.tex"))
("C:\Users\Joe\AppData\Local\Programs\MiKTeX 2.9\tex/generic/pgfplots\pgfplotss
tackedplots.code.tex")
("C:\Users\Joe\AppData\Local\Programs\MiKTeX 2.9\tex/generic/pgfplots\pgfplotsp
lothandlers.code.tex"
("C:\Users\Joe\AppData\Local\Programs\MiKTeX 2.9\tex/generic/pgfplots\pgfplotsm
eshplothandler.code.tex"
("C:\Users\Joe\AppData\Local\Programs\MiKTeX 2.9\tex/generic/pgfplots\pgfplotsm
eshplotimage.code.tex")))
("C:\Users\Joe\AppData\Local\Programs\MiKTeX 2.9\tex/generic/pgfplots\pgfplots.
scaling.code.tex")
("C:\Users\Joe\AppData\Local\Programs\MiKTeX 2.9\tex/generic/pgfplots\pgfplotsc
oordprocessing.code.tex")
("C:\Users\Joe\AppData\Local\Programs\MiKTeX 2.9\tex/generic/pgfplots\pgfplots.
errorbars.code.tex")
("C:\Users\Joe\AppData\Local\Programs\MiKTeX 2.9\tex/generic/pgfplots\pgfplots.
markers.code.tex")
("C:\Users\Joe\AppData\Local\Programs\MiKTeX 2.9\tex/generic/pgfplots\pgfplotst
icks.code.tex")
("C:\Users\Joe\AppData\Local\Programs\MiKTeX 2.9\tex/generic/pgfplots\pgfplots.
paths.code.tex")
("C:\Users\Joe\AppData\Local\Programs\MiKTeX 2.9\tex/generic/pgf/frontendlayer/
tikz/libraries\tikzlibrarydecorations.code.tex"
("C:\Users\Joe\AppData\Local\Programs\MiKTeX 2.9\tex/generic/pgf/modules\pgfmod
uledecorations.code.tex"
\pgfdecoratedcompleteddistance=\dimen190
\pgfdecoratedremainingdistance=\dimen191
\pgfdecoratedinputsegmentcompleteddistance=\dimen192
\pgfdecoratedinputsegmentremainingdistance=\dimen193
\pgf@decorate@distancetomove=\dimen194
\pgf@decorate@repeatstate=\count159
\pgfdecorationsegmentamplitude=\dimen195
\pgfdecorationsegmentlength=\dimen196
)
\tikz@lib@dec@box=\box69
)
("C:\Users\Joe\AppData\Local\Programs\MiKTeX 2.9\tex/generic/pgf/frontendlayer/
tikz/libraries\tikzlibrarydecorations.pathmorphing.code.tex"
("C:\Users\Joe\AppData\Local\Programs\MiKTeX 2.9\tex/generic/pgf/libraries/deco
rations\pgflibrarydecorations.pathmorphing.code.tex"))
("C:\Users\Joe\AppData\Local\Programs\MiKTeX 2.9\tex/generic/pgf/frontendlayer/
tikz/libraries\tikzlibrarydecorations.pathreplacing.code.tex"
("C:\Users\Joe\AppData\Local\Programs\MiKTeX 2.9\tex/generic/pgf/libraries/deco
rations\pgflibrarydecorations.pathreplacing.code.tex"))
\pgfplots@numplots=\count160
\pgfplots@xmin@reg=\dimen197
\pgfplots@xmax@reg=\dimen198
\pgfplots@ymin@reg=\dimen199
\pgfplots@ymax@reg=\dimen256
\pgfplots@zmin@reg=\dimen257
\pgfplots@zmax@reg=\dimen258
)
("C:\Users\Joe\AppData\Local\Programs\MiKTeX 2.9\tex/generic/pgf/frontendlayer/
tikz/libraries\tikzlibraryplotmarks.code.tex"
File: tikzlibraryplotmarks.code.tex 2019/02/02 v3.1.1 (3.1.1)

("C:\Users\Joe\AppData\Local\Programs\MiKTeX 2.9\tex/generic/pgf/libraries\pgfl
ibraryplotmarks.code.tex"
File: pgflibraryplotmarks.code.tex 2019/02/02 v3.1.1 (3.1.1)
)))
("C:\Users\Joe\AppData\Local\Programs\MiKTeX 2.9\tex/latex/caption\caption.sty"
Package: caption 2018/10/06 v3.3-154 Customizing captions (AR)
("C:\Users\Joe\AppData\Local\Programs\MiKTeX 2.9\tex/latex/caption\caption3.sty
"
Package: caption3 2018/09/12 v1.8c caption3 kernel (AR)
Package caption3 Info: TeX engine: e-TeX on input line 64.
\captionmargin=\dimen259
\captionmargin@=\dimen260
\captionwidth=\dimen261
\caption@tempdima=\dimen262
\caption@indent=\dimen263
\caption@parindent=\dimen264
\caption@hangindent=\dimen265
)
\c@caption@flags=\count161
\c@ContinuedFloat=\count162
Package caption Info: hyperref package is loaded.
Package caption Info: listings package is loaded.
Package caption Info: sidecap package is loaded.
)
("C:\Users\Joe\AppData\Local\Programs\MiKTeX 2.9\tex/latex/caption\subcaption.s
ty"
Package: subcaption 2018/05/01 v1.1-162 Sub-captions (AR)
\c@subfigure=\count163
\c@subtable=\count164
)
("C:\Users\Joe\AppData\Local\Programs\MiKTeX 2.9\tex/latex/mdwtools\footnote.st
y"
Package: footnote 1997/01/28 1.13 Save footnotes around boxes
\fn@notes=\box70
\fn@width=\dimen266
)
("C:\Users\Joe\AppData\Local\Programs\MiKTeX 2.9\tex/latex/makecell\makecell.st
y"
Package: makecell 2009/08/03 V0.1e Managing of Tab Column Heads and Cells
 ("C:\Users\Joe\AppData\Local\Programs\MiKTeX 2.9\tex/latex/tools\array.sty"
Package: array 2018/11/13 v2.4j Tabular extension package (FMi)
\col@sep=\dimen267
\ar@mcellbox=\box71
\extrarowheight=\dimen268
\NC@list=\toks40
\extratabsurround=\skip49
\backup@length=\skip50
\ar@cellbox=\box72
)
\rotheadsize=\dimen269
\c@nlinenum=\count165
\TeXr@lab=\toks41
)
("C:\Users\Joe\AppData\Local\Programs\MiKTeX 2.9\tex/latex/pdfpages\pdfpages.st
y"
Package: pdfpages 2017/10/31 v0.5l Insert pages of external PDF documents (AM)
 ("C:\Users\Joe\AppData\Local\Programs\MiKTeX 2.9\tex/latex/tools\calc.sty"
Package: calc 2017/05/25 v4.3 Infix arithmetic (KKT,FJ)
\calc@Acount=\count166
\calc@Bcount=\count167
\calc@Adimen=\dimen270
\calc@Bdimen=\dimen271
\calc@Askip=\skip51
\calc@Bskip=\skip52
LaTeX Info: Redefining \setlength on input line 80.
LaTeX Info: Redefining \addtolength on input line 81.
\calc@Ccount=\count168
\calc@Cskip=\skip53
)
("C:\Users\Joe\AppData\Local\Programs\MiKTeX 2.9\tex/latex/eso-pic\eso-pic.sty"
Package: eso-pic 2018/04/12 v2.0h eso-pic (RN)
)
\AM@pagewidth=\dimen272
\AM@pageheight=\dimen273

("C:\Users\Joe\AppData\Local\Programs\MiKTeX 2.9\tex/latex/pdfpages\pppdftex.de
f"
File: pppdftex.def 2017/10/31 v0.5l Pdfpages driver for pdfTeX (AM)
)
\AM@pagebox=\box73
\AM@global@opts=\toks42
\AM@toc@title=\toks43
\c@AM@survey=\count169
\AM@templatesizebox=\box74
)
\Dissertation@idxfile=\write4
\openout4 = `Dissertation.idx'.


Writing index file Dissertation.idx
(Dissertation.aux)
\openout1 = `Dissertation.aux'.

LaTeX Font Info:    Checking defaults for OML/cmm/m/it on input line 38.
LaTeX Font Info:    ... okay on input line 38.
LaTeX Font Info:    Checking defaults for T1/cmr/m/n on input line 38.
LaTeX Font Info:    ... okay on input line 38.
LaTeX Font Info:    Checking defaults for OT1/cmr/m/n on input line 38.
LaTeX Font Info:    ... okay on input line 38.
LaTeX Font Info:    Checking defaults for OMS/cmsy/m/n on input line 38.
LaTeX Font Info:    ... okay on input line 38.
LaTeX Font Info:    Checking defaults for OMX/cmex/m/n on input line 38.
LaTeX Font Info:    ... okay on input line 38.
LaTeX Font Info:    Checking defaults for U/cmr/m/n on input line 38.
LaTeX Font Info:    ... okay on input line 38.
LaTeX Font Info:    Checking defaults for PD1/pdf/m/n on input line 38.
LaTeX Font Info:    ... okay on input line 38.
\AtBeginShipoutBox=\box75
Package hyperref Info: Link coloring OFF on input line 38.

("C:\Users\Joe\AppData\Local\Programs\MiKTeX 2.9\tex/latex/hyperref\nameref.sty
"
Package: nameref 2016/05/21 v2.44 Cross-referencing by name of section

("C:\Users\Joe\AppData\Local\Programs\MiKTeX 2.9\tex/generic/oberdiek\gettitles
tring.sty"
Package: gettitlestring 2016/05/16 v1.5 Cleanup title references (HO)
)
\c@section@level=\count170
)
LaTeX Info: Redefining \ref on input line 38.
LaTeX Info: Redefining \pageref on input line 38.
LaTeX Info: Redefining \nameref on input line 38.
 (Dissertation.out) (Dissertation.out)
\@outlinefile=\write5
\openout5 = `Dissertation.out'.


*geometry* driver: auto-detecting
*geometry* detected driver: pdftex
*geometry* verbose mode - [ preamble ] result:
* driver: pdftex
* paper: a4paper
* layout: <same size as paper>
* layoutoffset:(h,v)=(0.0pt,0.0pt)
* modes: twoside 
* h-part:(L,W,R)=(71.13188pt, 455.24411pt, 71.13188pt)
* v-part:(T,H,B)=(71.13188pt, 702.78308pt, 71.13188pt)
* \paperwidth=597.50787pt
* \paperheight=845.04684pt
* \textwidth=455.24411pt
* \textheight=702.78308pt
* \oddsidemargin=-1.1381pt
* \evensidemargin=-1.1381pt
* \topmargin=-38.1381pt
* \headheight=12.0pt
* \headsep=25.0pt
* \topskip=12.0pt
* \footskip=30.0pt
* \marginparwidth=85.0pt
* \marginparsep=10.0pt
* \columnsep=10.0pt
* \skip\footins=10.8pt plus 4.0pt minus 2.0pt
* \hoffset=0.0pt
* \voffset=0.0pt
* \mag=1000
* \@twocolumnfalse
* \@twosidetrue
* \@mparswitchtrue
* \@reversemarginfalse
* (1in=72.27pt=25.4mm, 1cm=28.453pt)

LaTeX Info: Redefining \celsius on input line 38.
Package gensymb Info: Faking symbols for \degree and \celsius on input line 38.


Package gensymb Warning: Not defining \perthousand.

LaTeX Info: Redefining \ohm on input line 38.
Package gensymb Info: Using \Omega for \ohm on input line 38.

Package gensymb Warning: Not defining \micro.

\c@lstlisting=\count171
("C:\Users\Joe\AppData\Local\Programs\MiKTeX 2.9\tex/context/base\supp-pdf.mkii
"
[Loading MPS to PDF converter (version 2006.09.02).]
\scratchcounter=\count172
\scratchdimen=\dimen274
\scratchbox=\box76
\nofMPsegments=\count173
\nofMParguments=\count174
\everyMPshowfont=\toks44
\MPscratchCnt=\count175
\MPscratchDim=\dimen275
\MPnumerator=\count176
\makeMPintoPDFobject=\count177
\everyMPtoPDFconversion=\toks45
)
("C:\Users\Joe\AppData\Local\Programs\MiKTeX 2.9\tex/latex/oberdiek\epstopdf-ba
se.sty"
Package: epstopdf-base 2016/05/15 v2.6 Base part for package epstopdf

("C:\Users\Joe\AppData\Local\Programs\MiKTeX 2.9\tex/latex/oberdiek\grfext.sty"
Package: grfext 2016/05/16 v1.2 Manage graphics extensions (HO)
)
Package epstopdf-base Info: Redefining graphics rule for `.eps' on input line 4
38.
Package grfext Info: Graphics extension search list:
(grfext)             [.pdf,.png,.jpg,.mps,.jpeg,.jbig2,.jb2,.PDF,.PNG,.JPG,.JPE
G,.JBIG2,.JB2,.eps]
(grfext)             \AppendGraphicsExtensions on input line 456.
) ("C:\Users\Joe\AppData\Local\Programs\MiKTeX 2.9\tex/latex/ms\ragged2e.sty"
Package: ragged2e 2009/05/21 v2.1 ragged2e Package (MS)

("C:\Users\Joe\AppData\Local\Programs\MiKTeX 2.9\tex/latex/ms\everysel.sty"
Package: everysel 2011/10/28 v1.2 EverySelectfont Package (MS)

ABD: EverySelectfont initializing macros
LaTeX Info: Redefining \selectfont on input line 126.
)
\CenteringLeftskip=\skip54
\RaggedLeftLeftskip=\skip55
\RaggedRightLeftskip=\skip56
\CenteringRightskip=\skip57
\RaggedLeftRightskip=\skip58
\RaggedRightRightskip=\skip59
\CenteringParfillskip=\skip60
\RaggedLeftParfillskip=\skip61
\RaggedRightParfillskip=\skip62
\JustifyingParfillskip=\skip63
\CenteringParindent=\skip64
\RaggedLeftParindent=\skip65
\RaggedRightParindent=\skip66
\JustifyingParindent=\skip67
)
ABD: EveryShipout initializing macros
Package pgfplots notification 'compat/show suggested version=true': you might b
enefit from \pgfplotsset{compat=1.16} (current compat level: 1.9).

Package caption Info: Begin \AtBeginDocument code.
Package caption Info: End \AtBeginDocument code.

("C:\Users\Joe\AppData\Local\Programs\MiKTeX 2.9\tex/latex/oberdiek\pdflscape.s
ty"
Package: pdflscape 2016/05/14 v0.11 Display of landscape pages in PDF (HO)

("C:\Users\Joe\AppData\Local\Programs\MiKTeX 2.9\tex/latex/graphics\lscape.sty"
Package: lscape 2000/10/22 v3.01 Landscape Pages (DPC)
)
Package pdflscape Info: Auto-detected driver: pdftex on input line 81.
)
\docmute@nestinglevel=\count178
 [1

{C:/Users/Joe/AppData/Local/MiKTeX/2.9/pdftex/config/pdftex.map}] [2]
Overfull \hbox (45.27223pt too wide) in paragraph at lines 82--92
[]
 []


Underfull \hbox (badness 10000) in paragraph at lines 82--92

 []

[3

] [4

] (Dissertation.toc [5])
\tf@toc=\write6
\openout6 = `Dissertation.toc'.

 [6] (Dissertation.lof)
\tf@lof=\write7
\openout7 = `Dissertation.lof'.

 [7

] [8]
Chapter 1.

LaTeX Warning: Citation `ExcedeWebsite' on page 9 undefined on input line 129.


LaTeX Warning: Citation `PropertiesOfGlass' on page 9 undefined on input line 1
31.

[9

] [10]
<./Images/LDN-JHB-H0-1.png, id=356, 470.35725pt x 450.483pt>
File: ./Images/LDN-JHB-H0-1.png Graphic file (type png)
<use ./Images/LDN-JHB-H0-1.png>
Package pdftex.def Info: ./Images/LDN-JHB-H0-1.png  used on input line 166.
(pdftex.def)             Requested size: 455.24411pt x 436.0194pt.
<./Images/NewYorkBeijing1320SatellitesLM2.png, id=357, 339.669pt x 327.02174pt>

File: ./Images/NewYorkBeijing1320SatellitesLM2.png Graphic file (type png)
<use ./Images/NewYorkBeijing1320SatellitesLM2.png>
Package pdftex.def Info: ./Images/NewYorkBeijing1320SatellitesLM2.png  used on 
input line 170.
(pdftex.def)             Requested size: 182.09486pt x 175.31667pt.
<./Images/LondonJohannasburg1254SatellitesLM2.png, id=358, 410.13225pt x 384.83
775pt>
File: ./Images/LondonJohannasburg1254SatellitesLM2.png Graphic file (type png)
<use ./Images/LondonJohannasburg1254SatellitesLM2.png>
Package pdftex.def Info: ./Images/LondonJohannasburg1254SatellitesLM2.png  used
 on input line 174.
(pdftex.def)             Requested size: 182.09486pt x 170.86176pt.


LaTeX Warning: Citation `ElonMuskTweet2' on page 11 undefined on input line 180
.

[11] [12 <./Images/LDN-JHB-H0-1.png> <./Images/NewYorkBeijing1320SatellitesLM2.
png> <./Images/LondonJohannasburg1254SatellitesLM2.png>]
Chapter 2.
[13

]
<./Images/DescribingAnOrbit.jpg, id=388, 598.1547pt x 693.792pt>
File: ./Images/DescribingAnOrbit.jpg Graphic file (type jpg)
<use ./Images/DescribingAnOrbit.jpg>
Package pdftex.def Info: ./Images/DescribingAnOrbit.jpg  used on input line 258
.
(pdftex.def)             Requested size: 455.24411pt x 528.04962pt.
 [14] [15 <./Images/DescribingAnOrbit.jpg>] [16]
<./Images/PhaseOffset.jpg, id=417, 430.2474pt x 231.264pt>
File: ./Images/PhaseOffset.jpg Graphic file (type jpg)
<use ./Images/PhaseOffset.jpg>
Package pdftex.def Info: ./Images/PhaseOffset.jpg  used on input line 313.
(pdftex.def)             Requested size: 455.24411pt x 244.71521pt.
 [17 <./Images/PhaseOffset.jpg>] [18]
Chapter 3.
LaTeX Font Info:    Try loading font information for OMS+cmr on input line 360.

("C:\Users\Joe\AppData\Local\Programs\MiKTeX 2.9\tex/latex/base\omscmr.fd"
File: omscmr.fd 2014/09/29 v2.5h Standard LaTeX font definitions
)
LaTeX Font Info:    Font shape `OMS/cmr/m/n' in size <12> not available
(Font)              Font shape `OMS/cmsy/m/n' tried instead on input line 360.

[19

] [20] [21]
<./Images/LinkingMethodAndPhaseOffset.jpg, id=442, 534.798pt x 268.8444pt>
File: ./Images/LinkingMethodAndPhaseOffset.jpg Graphic file (type jpg)
<use ./Images/LinkingMethodAndPhaseOffset.jpg>
Package pdftex.def Info: ./Images/LinkingMethodAndPhaseOffset.jpg  used on inpu
t line 438.
(pdftex.def)             Requested size: 455.24411pt x 228.85521pt.
 [22 <./Images/LinkingMethodAndPhaseOffset.jpg>] [23] [24]
[25]

Package caption Warning: \label without proper reference on input line 568.
See the caption package documentation for explanation.


LaTeX Warning: Reference `fig:Structure of Network' on page 26 undefined on inp
ut line 571.

<./Images/Hue1.png, id=484, 403.5075pt x 355.3275pt>
File: ./Images/Hue1.png Graphic file (type png)
<use ./Images/Hue1.png>
Package pdftex.def Info: ./Images/Hue1.png  used on input line 576.
(pdftex.def)             Requested size: 136.57462pt x 120.26755pt.
<./Images/Hue2.png, id=485, 364.36125pt x 339.669pt>
File: ./Images/Hue2.png Graphic file (type png)
<use ./Images/Hue2.png>
Package pdftex.def Info: ./Images/Hue2.png  used on input line 577.
(pdftex.def)             Requested size: 136.57462pt x 127.31854pt.
<./Images/Hue3.png, id=486, 283.0575pt x 277.63725pt>
File: ./Images/Hue3.png Graphic file (type png)
<use ./Images/Hue3.png>
Package pdftex.def Info: ./Images/Hue3.png  used on input line 578.
(pdftex.def)             Requested size: 136.57462pt x 133.96336pt.
[26]
<./Images/NearbySats.png, id=497, 648.62325pt x 393.26926pt>
File: ./Images/NearbySats.png Graphic file (type png)
<use ./Images/NearbySats.png>
Package pdftex.def Info: ./Images/NearbySats.png  used on input line 592.
(pdftex.def)             Requested size: 227.62206pt x 138.01234pt.
PGFPlots: reading {./Data/NearbySats.csv}
PGFPlots: reading {./Data/NearbySats.csv}
PGFPlots: reading {./Data/NearbySats.csv}
PGFPlots: reading {./Data/NearbySats.csv}
PGFPlots: reading {./Data/NearbySats.csv}
PGFPlots: reading {./Data/NearbySats.csv}
PGFPlots: reading {./Data/NearbySats.csv}
PGFPlots: reading {./Data/NearbySats.csv}

Overfull \hbox (12.7978pt too wide) in paragraph at lines 610--611
 [][] 
 []

<./Images/NearbySats2.png, id=498, 661.87276pt x 354.123pt>
File: ./Images/NearbySats2.png Graphic file (type png)
<use ./Images/NearbySats2.png>
Package pdftex.def Info: ./Images/NearbySats2.png  used on input line 617.
(pdftex.def)             Requested size: 227.62206pt x 121.78351pt.
PGFPlots: reading {./Data/NearbySats.csv}
PGFPlots: reading {./Data/NearbySats.csv}
PGFPlots: reading {./Data/NearbySats.csv}
PGFPlots: reading {./Data/NearbySats.csv}
PGFPlots: reading {./Data/NearbySats.csv}
PGFPlots: reading {./Data/NearbySats.csv}
PGFPlots: reading {./Data/NearbySats.csv}
PGFPlots: reading {./Data/NearbySats.csv}

Overfull \hbox (19.36107pt too wide) in paragraph at lines 635--636
 [][] 
 []

[27 <./Images/Hue1.png> <./Images/Hue2.png> <./Images/Hue3.png> <./Images/Nearb
ySats.png>] [28 <./Images/NearbySats2.png>] [29]
PGFPlots: reading {./Data/LondonToNewYork.csv}
<./Images/LDN-NY-H-1-1.png, id=514, 605.8635pt x 545.6385pt>
File: ./Images/LDN-NY-H-1-1.png Graphic file (type png)
<use ./Images/LDN-NY-H-1-1.png>
Package pdftex.def Info: ./Images/LDN-NY-H-1-1.png  used on input line 663.
(pdftex.def)             Requested size: 182.09486pt x 163.99254pt.
<./Images/LDN-NY-H-1-2.png, id=515, 643.80525pt x 560.69475pt>
File: ./Images/LDN-NY-H-1-2.png Graphic file (type png)
<use ./Images/LDN-NY-H-1-2.png>
Package pdftex.def Info: ./Images/LDN-NY-H-1-2.png  used on input line 668.
(pdftex.def)             Requested size: 182.09486pt x 158.58478pt.
PGFPlots: reading {./Data/LondonToNewYorkAccelerated.csv}
PGFPlots: reading {./Data/LondonToNewYorkFrozenEarth.csv}
 [30] [31 <./Images/LDN-NY-H-1-1.png> <./Images/LDN-NY-H-1-2.png>]
<./Images/Handley-1.png, id=532, 522.15076pt x 522.753pt>
File: ./Images/Handley-1.png Graphic file (type png)
<use ./Images/Handley-1.png>
Package pdftex.def Info: ./Images/Handley-1.png  used on input line 743.
(pdftex.def)             Requested size: 136.57462pt x 136.73416pt.
<./Images/Handley0.png, id=533, 533.5935pt x 511.31026pt>
File: ./Images/Handley0.png Graphic file (type png)
<use ./Images/Handley0.png>
Package pdftex.def Info: ./Images/Handley0.png  used on input line 748.
(pdftex.def)             Requested size: 136.57462pt x 130.87001pt.
<./Images/DistantLinking.png, id=534, 521.5485pt x 493.845pt>
File: ./Images/DistantLinking.png Graphic file (type png)
<use ./Images/DistantLinking.png>
Package pdftex.def Info: ./Images/DistantLinking.png  used on input line 753.
(pdftex.def)             Requested size: 136.57462pt x 129.316pt.
<./Images/DistantLinking2.png, id=535, 538.4115pt x 512.51476pt>
File: ./Images/DistantLinking2.png Graphic file (type png)
<use ./Images/DistantLinking2.png>
Package pdftex.def Info: ./Images/DistantLinking2.png  used on input line 762.
(pdftex.def)             Requested size: 455.24411pt x 433.34822pt.
 [32] [33 <./Images/Handley-1.png> <./Images/Handley0.png> <./Images/DistantLin
king.png> <./Images/DistantLinking2.png>]
[34

]
Chapter 4.
[35]
<./Images/LDN-NY-DISTL-1.png, id=558, 513.117pt x 501.072pt>
File: ./Images/LDN-NY-DISTL-1.png Graphic file (type png)
<use ./Images/LDN-NY-DISTL-1.png>
Package pdftex.def Info: ./Images/LDN-NY-DISTL-1.png  used on input line 834.
(pdftex.def)             Requested size: 182.09486pt x 177.81682pt.
<./Images/LDN-NY-DISTL-2.png, id=559, 647.41875pt x 596.2275pt>
File: ./Images/LDN-NY-DISTL-2.png Graphic file (type png)
<use ./Images/LDN-NY-DISTL-2.png>
Package pdftex.def Info: ./Images/LDN-NY-DISTL-2.png  used on input line 839.
(pdftex.def)             Requested size: 182.09486pt x 167.69766pt.
<./Images/NY-BJ-DistL-1.png, id=560, 472.164pt x 460.72125pt>
File: ./Images/NY-BJ-DistL-1.png Graphic file (type png)
<use ./Images/NY-BJ-DistL-1.png>
Package pdftex.def Info: ./Images/NY-BJ-DistL-1.png  used on input line 844.
(pdftex.def)             Requested size: 455.24411pt x 444.21361pt.
<./Images/LDN-JHB-H-1-1.png, id=561, 470.9595pt x 432.4155pt>
File: ./Images/LDN-JHB-H-1-1.png Graphic file (type png)
<use ./Images/LDN-JHB-H-1-1.png>
Package pdftex.def Info: ./Images/LDN-JHB-H-1-1.png  used on input line 855.
(pdftex.def)             Requested size: 182.09486pt x 167.18977pt.
File: ./Images/LDN-JHB-H0-1.png Graphic file (type png)
<use ./Images/LDN-JHB-H0-1.png>
Package pdftex.def Info: ./Images/LDN-JHB-H0-1.png  used on input line 860.
(pdftex.def)             Requested size: 182.09486pt x 174.40225pt.
<./Images/LDN-JHB-DistL-1.png, id=562, 370.986pt x 343.2825pt>
File: ./Images/LDN-JHB-DistL-1.png Graphic file (type png)
<use ./Images/LDN-JHB-DistL-1.png>
Package pdftex.def Info: ./Images/LDN-JHB-DistL-1.png  used on input line 865.
(pdftex.def)             Requested size: 182.09486pt x 168.49274pt.
<./Images/LDN-JHB-DistL-2.png, id=563, 488.42474pt x 435.42674pt>
File: ./Images/LDN-JHB-DistL-2.png Graphic file (type png)
<use ./Images/LDN-JHB-DistL-2.png>
Package pdftex.def Info: ./Images/LDN-JHB-DistL-2.png  used on input line 870.
(pdftex.def)             Requested size: 182.09486pt x 162.33452pt.
PGFPlots: reading {"./Data/ConnectedComponentsLM1 - Results.csv"}
PGFPlots: reading {"./Data/ConnectedComponentsLM2 - Results.csv"}
PGFPlots: reading {"./Data/ConnectedComponentsLM3 - Results.csv"}
 [36] [37 <./Images/LDN-NY-DISTL-1.png> <./Images/LDN-NY-DISTL-2.png> <./Images
/NY-BJ-DistL-1.png>] [38 <./Images/LDN-JHB-H-1-1.png> <./Images/LDN-JHB-DistL-1
.png> <./Images/LDN-JHB-DistL-2.png>] [39]
PGFPlots: reading {./Data/LondonNewYork1.csv}

NOTE: coordinate (0.7083333333,) has been dropped because of a coordinate filte
r. (see also unbounded coords=jump). 
NOTE: coordinate (0.75,) has been dropped because of a coordinate filter. (see 
also unbounded coords=jump). 
NOTE: coordinate (0.7916666667,) has been dropped because of a coordinate filte
r. (see also unbounded coords=jump). 
NOTE: coordinate (0.8333333333,) has been dropped because of a coordinate filte
r. (see also unbounded coords=jump). 
NOTE: coordinate (0.875,) has been dropped because of a coordinate filter. (see
 also unbounded coords=jump). 
NOTE: coordinate (0.9166666667,) has been dropped because of a coordinate filte
r. (see also unbounded coords=jump). 
NOTE: coordinate (0.9583333333,) has been dropped because of a coordinate filte
r. (see also unbounded coords=jump). 
NOTE: coordinate (1,) has been dropped because of a coordinate filter. (see als
o unbounded coords=jump). 
PGFPlots: reading {./Data/LondonNewYork1.csv}
PGFPlots: reading {./Data/LondonNewYork2.csv}
NOTE: coordinate (0.7083333333,) has been dropped because of a coordinate filte
r. (see also unbounded coords=jump). 
NOTE: coordinate (0.75,) has been dropped because of a coordinate filter. (see 
also unbounded coords=jump). 
NOTE: coordinate (0.7916666667,) has been dropped because of a coordinate filte
r. (see also unbounded coords=jump). 
NOTE: coordinate (0.8333333333,) has been dropped because of a coordinate filte
r. (see also unbounded coords=jump). 
NOTE: coordinate (0.875,) has been dropped because of a coordinate filter. (see
 also unbounded coords=jump). 
NOTE: coordinate (0.9166666667,) has been dropped because of a coordinate filte
r. (see also unbounded coords=jump). 
NOTE: coordinate (0.9583333333,) has been dropped because of a coordinate filte
r. (see also unbounded coords=jump). 
NOTE: coordinate (1,) has been dropped because of a coordinate filter. (see als
o unbounded coords=jump). 
PGFPlots: reading {./Data/LondonNewYork2.csv}
PGFPlots: reading {./Data/LondonNewYork3.csv}
NOTE: coordinate (0.875,) has been dropped because of a coordinate filter. (see
 also unbounded coords=jump). 
NOTE: coordinate (0.9166666667,) has been dropped because of a coordinate filte
r. (see also unbounded coords=jump). 
NOTE: coordinate (0.9583333333,) has been dropped because of a coordinate filte
r. (see also unbounded coords=jump). 
NOTE: coordinate (1,) has been dropped because of a coordinate filter. (see als
o unbounded coords=jump). 
PGFPlots: reading {./Data/LondonNewYork3.csv}
PGFPlots: reading {./Data/NewYorkBeijing1.csv}
NOTE: coordinate (0.5833333333,) has been dropped because of a coordinate filte
r. (see also unbounded coords=jump). 
NOTE: coordinate (0.625,) has been dropped because of a coordinate filter. (see
 also unbounded coords=jump). 
NOTE: coordinate (0.6666666667,) has been dropped because of a coordinate filte
r. (see also unbounded coords=jump). 
NOTE: coordinate (0.7083333333,) has been dropped because of a coordinate filte
r. (see also unbounded coords=jump). 
NOTE: coordinate (0.75,) has been dropped because of a coordinate filter. (see 
also unbounded coords=jump). 
NOTE: coordinate (0.7916666667,) has been dropped because of a coordinate filte
r. (see also unbounded coords=jump). 
NOTE: coordinate (0.8333333333,) has been dropped because of a coordinate filte
r. (see also unbounded coords=jump). 
NOTE: coordinate (0.875,) has been dropped because of a coordinate filter. (see
 also unbounded coords=jump). 
NOTE: coordinate (0.9166666667,) has been dropped because of a coordinate filte
r. (see also unbounded coords=jump). 
NOTE: coordinate (0.9583333333,) has been dropped because of a coordinate filte
r. (see also unbounded coords=jump). 
NOTE: coordinate (1,) has been dropped because of a coordinate filter. (see als
o unbounded coords=jump). 
PGFPlots: reading {./Data/NewYorkBeijing1.csv}
PGFPlots: reading {./Data/NewYorkBeijing2.csv}
NOTE: coordinate (0.5833333333,) has been dropped because of a coordinate filte
r. (see also unbounded coords=jump). 
NOTE: coordinate (0.625,) has been dropped because of a coordinate filter. (see
 also unbounded coords=jump). 
NOTE: coordinate (0.6666666667,) has been dropped because of a coordinate filte
r. (see also unbounded coords=jump). 
NOTE: coordinate (0.7083333333,) has been dropped because of a coordinate filte
r. (see also unbounded coords=jump). 
NOTE: coordinate (0.75,) has been dropped because of a coordinate filter. (see 
also unbounded coords=jump). 
NOTE: coordinate (0.7916666667,) has been dropped because of a coordinate filte
r. (see also unbounded coords=jump). 
NOTE: coordinate (0.8333333333,) has been dropped because of a coordinate filte
r. (see also unbounded coords=jump). 
NOTE: coordinate (0.875,) has been dropped because of a coordinate filter. (see
 also unbounded coords=jump). 
NOTE: coordinate (0.9166666667,) has been dropped because of a coordinate filte
r. (see also unbounded coords=jump). 
NOTE: coordinate (0.9583333333,) has been dropped because of a coordinate filte
r. (see also unbounded coords=jump). 
NOTE: coordinate (1,) has been dropped because of a coordinate filter. (see als
o unbounded coords=jump). 
PGFPlots: reading {./Data/NewYorkBeijing2.csv}
PGFPlots: reading {./Data/NewYorkBeijing3.csv}
NOTE: coordinate (0.75,) has been dropped because of a coordinate filter. (see 
also unbounded coords=jump). 
NOTE: coordinate (0.7916666667,) has been dropped because of a coordinate filte
r. (see also unbounded coords=jump). 
NOTE: coordinate (0.8333333333,) has been dropped because of a coordinate filte
r. (see also unbounded coords=jump). 
NOTE: coordinate (0.875,) has been dropped because of a coordinate filter. (see
 also unbounded coords=jump). 
NOTE: coordinate (0.9166666667,) has been dropped because of a coordinate filte
r. (see also unbounded coords=jump). 
NOTE: coordinate (0.9583333333,) has been dropped because of a coordinate filte
r. (see also unbounded coords=jump). 
NOTE: coordinate (1,) has been dropped because of a coordinate filter. (see als
o unbounded coords=jump). 
PGFPlots: reading {./Data/NewYorkBeijing3.csv}
PGFPlots: reading {./Data/LondonJohannesburg1.csv}
NOTE: coordinate (0.5416666667,) has been dropped because of a coordinate filte
r. (see also unbounded coords=jump). 
NOTE: coordinate (0.5833333333,) has been dropped because of a coordinate filte
r. (see also unbounded coords=jump). 
NOTE: coordinate (0.625,) has been dropped because of a coordinate filter. (see
 also unbounded coords=jump). 
NOTE: coordinate (0.6666666667,) has been dropped because of a coordinate filte
r. (see also unbounded coords=jump). 
NOTE: coordinate (0.7083333333,) has been dropped because of a coordinate filte
r. (see also unbounded coords=jump). 
NOTE: coordinate (0.75,) has been dropped because of a coordinate filter. (see 
also unbounded coords=jump). 
NOTE: coordinate (0.7916666667,) has been dropped because of a coordinate filte
r. (see also unbounded coords=jump). 
NOTE: coordinate (0.8333333333,) has been dropped because of a coordinate filte
r. (see also unbounded coords=jump). 
NOTE: coordinate (0.875,) has been dropped because of a coordinate filter. (see
 also unbounded coords=jump). 
NOTE: coordinate (0.9166666667,) has been dropped because of a coordinate filte
r. (see also unbounded coords=jump). 
NOTE: coordinate (0.9583333333,) has been dropped because of a coordinate filte
r. (see also unbounded coords=jump). 
NOTE: coordinate (1,) has been dropped because of a coordinate filter. (see als
o unbounded coords=jump). 
PGFPlots: reading {./Data/LondonJohannesburg1.csv}
PGFPlots: reading {./Data/LondonJohannesburg2.csv}
NOTE: coordinate (0.5,) has been dropped because of a coordinate filter. (see a
lso unbounded coords=jump). 
NOTE: coordinate (0.5416666667,) has been dropped because of a coordinate filte
r. (see also unbounded coords=jump). 
NOTE: coordinate (0.5833333333,) has been dropped because of a coordinate filte
r. (see also unbounded coords=jump). 
NOTE: coordinate (0.625,) has been dropped because of a coordinate filter. (see
 also unbounded coords=jump). 
NOTE: coordinate (0.6666666667,) has been dropped because of a coordinate filte
r. (see also unbounded coords=jump). 
NOTE: coordinate (0.7083333333,) has been dropped because of a coordinate filte
r. (see also unbounded coords=jump). 
NOTE: coordinate (0.75,) has been dropped because of a coordinate filter. (see 
also unbounded coords=jump). 
NOTE: coordinate (0.7916666667,) has been dropped because of a coordinate filte
r. (see also unbounded coords=jump). 
NOTE: coordinate (0.8333333333,) has been dropped because of a coordinate filte
r. (see also unbounded coords=jump). 
NOTE: coordinate (0.875,) has been dropped because of a coordinate filter. (see
 also unbounded coords=jump). 
NOTE: coordinate (0.9166666667,) has been dropped because of a coordinate filte
r. (see also unbounded coords=jump). 
NOTE: coordinate (0.9583333333,) has been dropped because of a coordinate filte
r. (see also unbounded coords=jump). 
NOTE: coordinate (1,) has been dropped because of a coordinate filter. (see als
o unbounded coords=jump). 
PGFPlots: reading {./Data/LondonJohannesburg2.csv}
PGFPlots: reading {./Data/LondonJohannesburg3.csv}
NOTE: coordinate (0.5416666667,) has been dropped because of a coordinate filte
r. (see also unbounded coords=jump). 
NOTE: coordinate (0.625,) has been dropped because of a coordinate filter. (see
 also unbounded coords=jump). 
NOTE: coordinate (0.6666666667,) has been dropped because of a coordinate filte
r. (see also unbounded coords=jump). 
NOTE: coordinate (0.7083333333,) has been dropped because of a coordinate filte
r. (see also unbounded coords=jump). 
NOTE: coordinate (0.75,) has been dropped because of a coordinate filter. (see 
also unbounded coords=jump). 
NOTE: coordinate (0.7916666667,) has been dropped because of a coordinate filte
r. (see also unbounded coords=jump). 
NOTE: coordinate (0.8333333333,) has been dropped because of a coordinate filte
r. (see also unbounded coords=jump). 
NOTE: coordinate (0.875,) has been dropped because of a coordinate filter. (see
 also unbounded coords=jump). 
NOTE: coordinate (0.9166666667,) has been dropped because of a coordinate filte
r. (see also unbounded coords=jump). 
NOTE: coordinate (0.9583333333,) has been dropped because of a coordinate filte
r. (see also unbounded coords=jump). 
NOTE: coordinate (1,) has been dropped because of a coordinate filter. (see als
o unbounded coords=jump). 
PGFPlots: reading {./Data/LondonJohannesburg3.csv}
PGFPlots: reading {./Data/LondonNewYork1.csv}
PGFPlots: reading {./Data/LondonNewYork2.csv}
PGFPlots: reading {./Data/LondonNewYork3.csv}
PGFPlots: reading {./Data/NewYorkBeijing1.csv}
PGFPlots: reading {./Data/NewYorkBeijing2.csv}
PGFPlots: reading {./Data/NewYorkBeijing3.csv}
PGFPlots: reading {./Data/LondonJohannesburg1.csv}
PGFPlots: reading {./Data/LondonJohannesburg2.csv}
PGFPlots: reading {./Data/LondonJohannesburg3.csv}

Overfull \hbox (2.61108pt too wide) in paragraph at lines 1047--1095
[][] []
 []

<./Images/NewYorkBeijing462Satellites.png, id=586, 473.97075pt x 404.10976pt>
File: ./Images/NewYorkBeijing462Satellites.png Graphic file (type png)
<use ./Images/NewYorkBeijing462Satellites.png>
Package pdftex.def Info: ./Images/NewYorkBeijing462Satellites.png  used on inpu
t line 1103.
(pdftex.def)             Requested size: 182.09486pt x 155.25284pt.
File: ./Images/NewYorkBeijing1320SatellitesLM2.png Graphic file (type png)
<use ./Images/NewYorkBeijing1320SatellitesLM2.png>
Package pdftex.def Info: ./Images/NewYorkBeijing1320SatellitesLM2.png  used on 
input line 1108.
(pdftex.def)             Requested size: 182.09486pt x 175.31667pt.
File: ./Images/LondonJohannasburg1254SatellitesLM2.png Graphic file (type png)
<use ./Images/LondonJohannasburg1254SatellitesLM2.png>
Package pdftex.def Info: ./Images/LondonJohannasburg1254SatellitesLM2.png  used
 on input line 1113.
(pdftex.def)             Requested size: 455.24411pt x 427.16908pt.
[40] [41] [42 <./Images/NewYorkBeijing462Satellites.png>] [43] [44

]
Chapter 5.
[45] [46]
Underfull \hbox (badness 2680) in paragraph at lines 1166--1168
[]\OT1/cmr/m/n/12 Dr. James Mc-Caf-frey. Pri-or-ity Queues with C#. Vi-sual Stu
-dio Mag-a-zine.
 []


Underfull \hbox (badness 10000) in paragraph at lines 1178--1180
[]\OT1/cmr/m/n/12 Federal Com-mu-ni-ca-tions Com-mis-sion (FCC). File Num-ber =
 SAT-
 []


Underfull \hbox (badness 2443) in paragraph at lines 1178--1180
\OT1/cmr/m/n/12 LOA2016111500118. 2018. Avail-able from: []$\OT1/cmtt/m/n/12 li
censing . fcc . gov / cgi-[]bin / ws .
 []


Underfull \hbox (badness 10000) in paragraph at lines 1178--1180
\OT1/cmtt/m/n/12 exe / prod / ib / forms / reports / related _ filing . hts ? f
 _ key = -[]289550 & f _ number =
 []


Underfull \hbox (badness 5592) in paragraph at lines 1184--1186
[]\OT1/cmr/m/n/12 Hughes. Hughes High-Throughput Satel-lite Suc-cess-fully Laun
ched, Set-ting
 []


Underfull \hbox (badness 3724) in paragraph at lines 1184--1186
\OT1/cmr/m/n/12 the Stage for the Next Gen-er-a-tion of Satel-lite In-ter-net. 
2016. Avail-able
 []


Underfull \hbox (badness 10000) in paragraph at lines 1184--1186
\OT1/cmr/m/n/12 From: []$\OT1/cmtt/m/n/12 https : / / www . hughes . com / who-
[]we-[]are / resources / press-[]releases /
 []


Underfull \hbox (badness 10000) in paragraph at lines 1184--1186
\OT1/cmtt/m/n/12 hughes-[]high-[]throughput-[]satellite-[]successfully-[]launch
ed-[]setting ?
 []


Underfull \hbox (badness 1264) in paragraph at lines 1190--1192
[]\OT1/cmr/m/n/12 Wikipedia. USGS ma-j-plate-color.png. 2012.Avail-able from: [
]$\OT1/cmtt/m/n/12 https : / / commons .
 []

[47

]
Underfull \hbox (badness 1163) in paragraph at lines 1195--1197
[]\OT1/cmr/m/n/12 Chris Davis, "As launch nears, SpaceX's Star-link satel-lite 
in-ter-net gets big
 []


Overfull \hbox (98.78368pt too wide) in paragraph at lines 1195--1197
\OT1/cmtt/m/n/12 as-[]launch-[]nearsspacexs-[]starlink-[]satellite-[]internet-[
]gets-[]big-[]change-[]approval-[]29574978/$[] 
 []

<Dissertation Proposal Final.pdf, id=653, 614.295pt x 794.97pt>
File: Dissertation Proposal Final.pdf Graphic file (type pdf)
<use Dissertation Proposal Final.pdf>
Package pdftex.def Info: Dissertation Proposal Final.pdf  used on input line 11
99.
(pdftex.def)             Requested size: 614.29349pt x 794.96806pt.
File: Dissertation Proposal Final.pdf Graphic file (type pdf)
<use Dissertation Proposal Final.pdf>
Package pdftex.def Info: Dissertation Proposal Final.pdf  used on input line 11
99.
(pdftex.def)             Requested size: 614.29349pt x 794.96806pt.
<Dissertation Proposal Final.pdf, id=656, page=2, 614.295pt x 794.97pt>
File: Dissertation Proposal Final.pdf Graphic file (type pdf)
<use Dissertation Proposal Final.pdf, page 2>
Package pdftex.def Info: Dissertation Proposal Final.pdf , page2 used on input 
line 1199.
(pdftex.def)             Requested size: 614.29349pt x 794.96806pt.
File: Dissertation Proposal Final.pdf Graphic file (type pdf)
<use Dissertation Proposal Final.pdf, page 2>
Package pdftex.def Info: Dissertation Proposal Final.pdf , page2 used on input 
line 1199.
(pdftex.def)             Requested size: 514.78574pt x 666.19333pt.
[48]
File: Dissertation Proposal Final.pdf Graphic file (type pdf)
<use Dissertation Proposal Final.pdf, page 2>
Package pdftex.def Info: Dissertation Proposal Final.pdf , page2 used on input 
line 1199.
(pdftex.def)             Requested size: 514.78574pt x 666.19333pt.
File: Dissertation Proposal Final.pdf Graphic file (type pdf)
<use Dissertation Proposal Final.pdf, page 2>
Package pdftex.def Info: Dissertation Proposal Final.pdf , page2 used on input 
line 1199.
(pdftex.def)             Requested size: 514.78574pt x 666.19333pt.
File: Dissertation Proposal Final.pdf Graphic file (type pdf)
<use Dissertation Proposal Final.pdf, page 2>
Package pdftex.def Info: Dissertation Proposal Final.pdf , page2 used on input 
line 1199.
(pdftex.def)             Requested size: 514.78574pt x 666.19333pt.
 [49 <./Dissertation Proposal Final.pdf

pdfTeX warning: miktex-pdftex.exe (file ./Dissertation Proposal Final.pdf): PDF
 inclusion: invalid other resource which is no dict (key 'ProcSets', type <arra
y>); ignored.
>]
<Dissertation Proposal Final.pdf, id=675, page=3, 614.295pt x 794.97pt>
File: Dissertation Proposal Final.pdf Graphic file (type pdf)
<use Dissertation Proposal Final.pdf, page 3>
Package pdftex.def Info: Dissertation Proposal Final.pdf , page3 used on input 
line 1199.
(pdftex.def)             Requested size: 514.78574pt x 666.19333pt.
File: Dissertation Proposal Final.pdf Graphic file (type pdf)
<use Dissertation Proposal Final.pdf, page 3>
Package pdftex.def Info: Dissertation Proposal Final.pdf , page3 used on input 
line 1199.
(pdftex.def)             Requested size: 514.78574pt x 666.19333pt.
File: Dissertation Proposal Final.pdf Graphic file (type pdf)
<use Dissertation Proposal Final.pdf, page 3>
Package pdftex.def Info: Dissertation Proposal Final.pdf , page3 used on input 
line 1199.
(pdftex.def)             Requested size: 514.78574pt x 666.19333pt.
 [50 <./Dissertation Proposal Final.pdf

pdfTeX warning: miktex-pdftex.exe (file ./Dissertation Proposal Final.pdf): PDF
 inclusion: invalid other resource which is no dict (key 'ProcSets', type <arra
y>); ignored.
>]
<Dissertation Proposal Final.pdf, id=680, page=4, 614.295pt x 794.97pt>
File: Dissertation Proposal Final.pdf Graphic file (type pdf)
<use Dissertation Proposal Final.pdf, page 4>
Package pdftex.def Info: Dissertation Proposal Final.pdf , page4 used on input 
line 1199.
(pdftex.def)             Requested size: 514.78574pt x 666.19333pt.
File: Dissertation Proposal Final.pdf Graphic file (type pdf)
<use Dissertation Proposal Final.pdf, page 4>
Package pdftex.def Info: Dissertation Proposal Final.pdf , page4 used on input 
line 1199.
(pdftex.def)             Requested size: 514.78574pt x 666.19333pt.
File: Dissertation Proposal Final.pdf Graphic file (type pdf)
<use Dissertation Proposal Final.pdf, page 4>
Package pdftex.def Info: Dissertation Proposal Final.pdf , page4 used on input 
line 1199.
(pdftex.def)             Requested size: 514.78574pt x 666.19333pt.
 [51 <./Dissertation Proposal Final.pdf

pdfTeX warning: miktex-pdftex.exe (file ./Dissertation Proposal Final.pdf): PDF
 inclusion: invalid other resource which is no dict (key 'ProcSets', type <arra
y>); ignored.
>]
<Dissertation Proposal Final.pdf, id=685, page=5, 614.295pt x 794.97pt>
File: Dissertation Proposal Final.pdf Graphic file (type pdf)
<use Dissertation Proposal Final.pdf, page 5>
Package pdftex.def Info: Dissertation Proposal Final.pdf , page5 used on input 
line 1199.
(pdftex.def)             Requested size: 514.78574pt x 666.19333pt.
File: Dissertation Proposal Final.pdf Graphic file (type pdf)
<use Dissertation Proposal Final.pdf, page 5>
Package pdftex.def Info: Dissertation Proposal Final.pdf , page5 used on input 
line 1199.
(pdftex.def)             Requested size: 514.78574pt x 666.19333pt.
File: Dissertation Proposal Final.pdf Graphic file (type pdf)
<use Dissertation Proposal Final.pdf, page 5>
Package pdftex.def Info: Dissertation Proposal Final.pdf , page5 used on input 
line 1199.
(pdftex.def)             Requested size: 514.78574pt x 666.19333pt.
 [52 <./Dissertation Proposal Final.pdf

pdfTeX warning: miktex-pdftex.exe (file ./Dissertation Proposal Final.pdf): PDF
 inclusion: invalid other resource which is no dict (key 'ProcSets', type <arra
y>); ignored.
>]
Package atveryend Info: Empty hook `BeforeClearDocument' on input line 1201.
Package atveryend Info: Empty hook `AfterLastShipout' on input line 1201.
 (Dissertation.aux)
Package atveryend Info: Executing hook `AtVeryEndDocument' on input line 1201.
Package atveryend Info: Executing hook `AtEndAfterFileList' on input line 1201.



Package rerunfilecheck Warning: File `Dissertation.out' has changed.
(rerunfilecheck)                Rerun to get outlines right
(rerunfilecheck)                or use package `bookmark'.

Package rerunfilecheck Info: Checksums for `Dissertation.out':
(rerunfilecheck)             Before: 12A08619A6798630C64B08032B0D6828;3289
(rerunfilecheck)             After:  E4FDE92A73D17F658A402A6634BBBF9C;3418.

LaTeX Warning: There were undefined references.


LaTeX Warning: Label(s) may have changed. Rerun to get cross-references right.

Package atveryend Info: Empty hook `AtVeryVeryEnd' on input line 1201.
 ) 
Here is how much of TeX's memory you used:
 37200 strings out of 492946
 868814 string characters out of 3127154
 2124677 words of memory out of 3000000
 40378 multiletter control sequences out of 15000+200000
 11542 words of font info for 42 fonts, out of 3000000 for 9000
 1141 hyphenation exceptions out of 8191
 62i,23n,108p,1363b,2838s stack positions out of 5000i,500n,10000p,200000b,50000s
<C:/Users/Joe/AppData/Local/Programs/MiKTeX 2.9/fonts/type1/public/amsfonts/c
m/cmbx12.pfb><C:/Users/Joe/AppData/Local/Programs/MiKTeX 2.9/fonts/type1/public
/amsfonts/cm/cmex10.pfb><C:/Users/Joe/AppData/Local/Programs/MiKTeX 2.9/fonts/t
ype1/public/amsfonts/cm/cmmi12.pfb><C:/Users/Joe/AppData/Local/Programs/MiKTeX 
2.9/fonts/type1/public/amsfonts/cm/cmmi6.pfb><C:/Users/Joe/AppData/Local/Progra
ms/MiKTeX 2.9/fonts/type1/public/amsfonts/cm/cmmi8.pfb><C:/Users/Joe/AppData/Lo
cal/Programs/MiKTeX 2.9/fonts/type1/public/amsfonts/cm/cmr10.pfb><C:/Users/Joe/
AppData/Local/Programs/MiKTeX 2.9/fonts/type1/public/amsfonts/cm/cmr12.pfb><C:/
Users/Joe/AppData/Local/Programs/MiKTeX 2.9/fonts/type1/public/amsfonts/cm/cmr1
7.pfb><C:/Users/Joe/AppData/Local/Programs/MiKTeX 2.9/fonts/type1/public/amsfon
ts/cm/cmr6.pfb><C:/Users/Joe/AppData/Local/Programs/MiKTeX 2.9/fonts/type1/publ
ic/amsfonts/cm/cmr7.pfb><C:/Users/Joe/AppData/Local/Programs/MiKTeX 2.9/fonts/t
ype1/public/amsfonts/cm/cmr8.pfb><C:/Users/Joe/AppData/Local/Programs/MiKTeX 2.
9/fonts/type1/public/amsfonts/cm/cmsy10.pfb><C:/Users/Joe/AppData/Local/Program
s/MiKTeX 2.9/fonts/type1/public/amsfonts/cm/cmsy8.pfb><C:/Users/Joe/AppData/Loc
al/Programs/MiKTeX 2.9/fonts/type1/public/amsfonts/cm/cmtt12.pfb>
Output written on Dissertation.pdf (52 pages, 9120697 bytes).
PDF statistics:
 774 PDF objects out of 1000 (max. 8388607)
 177 named destinations out of 1000 (max. 500000)
 528 words of extra memory for PDF output out of 10000 (max. 10000000)

